Flow report for Mux4to1_BeachWilliam
Fri Oct 21 00:33:44 2022
Quartus II Version 9.1 Build 222 10/21/2009 SJ Web Edition


---------------------
; Table of Contents ;
---------------------
  1. Legal Notice
  2. Flow Summary
  3. Flow Settings
  4. Flow Non-Default Global Settings
  5. Flow Elapsed Time
  6. Flow OS Summary
  7. Flow Log



----------------
; Legal Notice ;
----------------
Copyright (C) 1991-2009 Altera Corporation
Your use of Altera Corporation's design tools, logic functions 
and other software and tools, and its AMPP partner logic 
functions, and any output files from any of the foregoing 
(including device programming or simulation files), and any 
associated documentation or information are expressly subject 
to the terms and conditions of the Altera Program License 
Subscription Agreement, Altera MegaCore Function License 
Agreement, or other applicable license agreement, including, 
without limitation, that your use is for the sole purpose of 
programming logic devices manufactured by Altera and sold by 
Altera or its authorized distributors.  Please refer to the 
applicable agreement for further details.



+-------------------------------------------------------------------+
; Flow Summary                                                      ;
+-------------------------+-----------------------------------------+
; Flow Status             ; Successful - Fri Oct 21 00:33:44 2022   ;
; Quartus II Version      ; 9.1 Build 222 10/21/2009 SJ Web Edition ;
; Revision Name           ; Mux4to1_BeachWilliam                    ;
; Top-level Entity Name   ; Mux2to1_BeachWilliam                    ;
; Family                  ; MAX3000A                                ;
; Device                  ; EPM3064ALC44-10                         ;
; Timing Models           ; Final                                   ;
; Met timing requirements ; Yes                                     ;
; Total macrocells        ; 1 / 64 ( 2 % )                          ;
; Total pins              ; 8 / 34 ( 24 % )                         ;
+-------------------------+-----------------------------------------+


+------------------------------------------+
; Flow Settings                            ;
+-------------------+----------------------+
; Option            ; Setting              ;
+-------------------+----------------------+
; Start date & time ; 10/21/2022 00:33:36  ;
; Main task         ; Compilation          ;
; Revision Name     ; Mux4to1_BeachWilliam ;
+-------------------+----------------------+


+--------------------------------------------------------------------------------------------------------------------------------------------------+
; Flow Non-Default Global Settings                                                                                                                 ;
+------------------------------------+-------------------------------------------------------+----------------------+-------------+----------------+
; Assignment Name                    ; Value                                                 ; Default Value        ; Entity Name ; Section Id     ;
+------------------------------------+-------------------------------------------------------+----------------------+-------------+----------------+
; COMPILER_SIGNATURE_ID              ; 345050242730.166632681514252                          ; --                   ; --          ; --             ;
; MAX_CORE_JUNCTION_TEMP             ; 85                                                    ; --                   ; --          ; --             ;
; MIN_CORE_JUNCTION_TEMP             ; 0                                                     ; --                   ; --          ; --             ;
; MISC_FILE                          ; Z:/CDA3203/Lab1_BeachWilliam/Mux4to1_BeachWilliam.dpf ; --                   ; --          ; --             ;
; TOP_LEVEL_ENTITY                   ; Mux2to1_BeachWilliam                                  ; Mux4to1_BeachWilliam ; --          ; --             ;
; USE_GENERATED_PHYSICAL_CONSTRAINTS ; Off                                                   ; --                   ; --          ; eda_blast_fpga ;
+------------------------------------+-------------------------------------------------------+----------------------+-------------+----------------+


+-----------------------------------------------------------------------------------------------------------------------------+
; Flow Elapsed Time                                                                                                           ;
+-------------------------+--------------+-------------------------+---------------------+------------------------------------+
; Module Name             ; Elapsed Time ; Average Processors Used ; Peak Virtual Memory ; Total CPU Time (on all processors) ;
+-------------------------+--------------+-------------------------+---------------------+------------------------------------+
; Analysis & Synthesis    ; 00:00:02     ; 1.0                     ; 242 MB              ; 00:00:02                           ;
; Fitter                  ; 00:00:00     ; 1.0                     ; 188 MB              ; 00:00:00                           ;
; Assembler               ; 00:00:01     ; 1.0                     ; 193 MB              ; 00:00:01                           ;
; Classic Timing Analyzer ; 00:00:00     ; 1.0                     ; 163 MB              ; 00:00:00                           ;
; Total                   ; 00:00:03     ; --                      ; --                  ; 00:00:03                           ;
+-------------------------+--------------+-------------------------+---------------------+------------------------------------+


+------------------------------------------------------------------------------------------+
; Flow OS Summary                                                                          ;
+-------------------------+------------------+---------------+------------+----------------+
; Module Name             ; Machine Hostname ; OS Name       ; OS Version ; Processor type ;
+-------------------------+------------------+---------------+------------+----------------+
; Analysis & Synthesis    ; vmengdesktop004  ; Windows Vista ; 6.2        ; x86_64         ;
; Fitter                  ; vmengdesktop004  ; Windows Vista ; 6.2        ; x86_64         ;
; Assembler               ; vmengdesktop004  ; Windows Vista ; 6.2        ; x86_64         ;
; Classic Timing Analyzer ; vmengdesktop004  ; Windows Vista ; 6.2        ; x86_64         ;
+-------------------------+------------------+---------------+------------+----------------+


------------
; Flow Log ;
------------
quartus_map --read_settings_files=on --write_settings_files=off Mux4to1_BeachWilliam -c Mux4to1_BeachWilliam
quartus_fit --read_settings_files=off --write_settings_files=off Mux4to1_BeachWilliam -c Mux4to1_BeachWilliam
quartus_asm --read_settings_files=off --write_settings_files=off Mux4to1_BeachWilliam -c Mux4to1_BeachWilliam
quartus_tan --read_settings_files=off --write_settings_files=off Mux4to1_BeachWilliam -c Mux4to1_BeachWilliam



